INFO:root:Find max matching for different graphs.
INFO:root:
INFO:root:        dwt_72.mtx: iter     0, Optimal    32, Current    29
INFO:root:        dwt_72.mtx: Optimal    32, Current Best    32
INFO:root:########################################################################
INFO:root:########################################################################
INFO:root:########################################################################
INFO:root:########################################################################
INFO:root:      bcspwr10.mtx: iter     0, Optimal  2576, Current  2124
INFO:root:      bcspwr10.mtx: Optimal  2576, Current Best  2186
INFO:root:########################################################################
INFO:root:########################################################################
INFO:root:########################################################################
INFO:root:########################################################################
INFO:root:      lshp_406.mtx: iter     0, Optimal   203, Current   184
INFO:root:      lshp_406.mtx: Optimal   203, Current Best   201
INFO:root:########################################################################
INFO:root:########################################################################
INFO:root:########################################################################
INFO:root:########################################################################
INFO:root:      bcsstm01.mtx: iter     0, Optimal     0, Current     0
INFO:root:      bcsstm01.mtx: Optimal     0, Current Best     0
INFO:root:########################################################################
INFO:root:########################################################################
INFO:root:########################################################################
INFO:root:########################################################################
INFO:root:      bcsstm26.mtx: iter     0, Optimal     0, Current     0
INFO:root:      bcsstm26.mtx: Optimal     0, Current Best     0
INFO:root:########################################################################
INFO:root:########################################################################
INFO:root:########################################################################
INFO:root:########################################################################
INFO:root:       bayer04.mtx: iter     0, Optimal 10272, Current  9027
INFO:root:       bayer04.mtx: Optimal 10272, Current Best  9053
INFO:root:########################################################################
INFO:root:########################################################################
INFO:root:########################################################################
INFO:root:########################################################################
INFO:root:      dwt_2680.mtx: iter     0, Optimal  1340, Current  1264
INFO:root:      dwt_2680.mtx: Optimal  1340, Current Best  1331
INFO:root:########################################################################
INFO:root:########################################################################
INFO:root:########################################################################
INFO:root:########################################################################
INFO:root:       662_bus.mtx: iter     0, Optimal   306, Current   251
INFO:root:       662_bus.mtx: Optimal   306, Current Best   286
INFO:root:########################################################################
INFO:root:########################################################################
INFO:root:########################################################################
INFO:root:########################################################################
INFO:root:      bcspwr01.mtx: iter     0, Optimal    17, Current    16
INFO:root:      bcspwr01.mtx: Optimal    17, Current Best    17
INFO:root:########################################################################
INFO:root:########################################################################
INFO:root:########################################################################
INFO:root:########################################################################
INFO:root:           G17.mtx: iter     0, Optimal   400, Current   363
INFO:root:           G17.mtx: Optimal   400, Current Best   400
INFO:root:########################################################################
INFO:root:########################################################################
INFO:root:########################################################################
INFO:root:########################################################################
INFO:root:        can_62.mtx: iter     0, Optimal    29, Current    26
INFO:root:        can_62.mtx: Optimal    29, Current Best    28
INFO:root:########################################################################
INFO:root:########################################################################
INFO:root:########################################################################
INFO:root:########################################################################
INFO:root:      bcsstk05.mtx: iter     0, Optimal    76, Current    76
INFO:root:      bcsstk05.mtx: Optimal    76, Current Best    76
INFO:root:########################################################################
INFO:root:########################################################################
INFO:root:########################################################################
INFO:root:########################################################################
INFO:root:       sphere3.mtx: iter     0, Optimal   129, Current   122
INFO:root:       sphere3.mtx: Optimal   129, Current Best   128
INFO:root:########################################################################
INFO:root:########################################################################
INFO:root:########################################################################
INFO:root:########################################################################
INFO:root:          poli.mtx: iter     0, Optimal   792, Current   732
INFO:root:          poli.mtx: Optimal   792, Current Best   740
INFO:root:########################################################################
INFO:root:########################################################################
INFO:root:########################################################################
INFO:root:########################################################################
INFO:root:      bcsstm02.mtx: iter     0, Optimal     0, Current     0
INFO:root:      bcsstm02.mtx: Optimal     0, Current Best     0
INFO:root:########################################################################
INFO:root:########################################################################
INFO:root:########################################################################
INFO:root:########################################################################
INFO:root:           G15.mtx: iter     0, Optimal   400, Current   348
INFO:root:           G15.mtx: Optimal   400, Current Best   400
INFO:root:########################################################################
INFO:root:########################################################################
INFO:root:########################################################################
INFO:root:########################################################################
INFO:root:       dwt_198.mtx: iter     0, Optimal    99, Current    93
INFO:root:       dwt_198.mtx: Optimal    99, Current Best    98
INFO:root:########################################################################
INFO:root:########################################################################
INFO:root:########################################################################
INFO:root:########################################################################
INFO:root: mark3jac020sc.mtx: iter     0, Optimal  4554, Current  3860
INFO:root: mark3jac020sc.mtx: Optimal  4554, Current Best  3904
INFO:root:########################################################################
INFO:root:########################################################################
INFO:root:########################################################################
INFO:root:########################################################################
INFO:root:matrix nrow not match ncol! fill with zeros
INFO:root:       lp_e226.mtx: iter     0, Optimal   200, Current   174
INFO:root:       lp_e226.mtx: Optimal   200, Current Best   183
INFO:root:########################################################################
INFO:root:########################################################################
INFO:root:########################################################################
INFO:root:########################################################################
INFO:root:      msc01440.mtx: iter     0, Optimal   720, Current   715
INFO:root:      msc01440.mtx: Optimal   720, Current Best   720
INFO:root:########################################################################
INFO:root:########################################################################
INFO:root:########################################################################
INFO:root:########################################################################
INFO:root:         b2_ss.mtx: iter     0, Optimal   544, Current   487
INFO:root:         b2_ss.mtx: Optimal   544, Current Best   510
INFO:root:########################################################################
INFO:root:########################################################################
INFO:root:########################################################################
INFO:root:########################################################################
INFO:root:[0.0, 0.1513975155279503, 0.009852216748768473, 0, 0, 0.11867211838006231, 0.006716417910447761, 0.06535947712418301, 0.0, 0.0, 0.034482758620689655, 0.0, 0.007751937984496124, 0.06565656565656566, 0, 0.0, 0.010101010101010102, 0.1427316644707949, 0.085, 0.0, 0.0625]
INFO:root:Best Ave Opt Gap: 0.036201
INFO:root:Standard Deviation: 0.049311
