INFO:root:Find max matching for different graphs.
INFO:root:
INFO:root:        dwt_72.mtx: iter     0, Optimal    32, Current    29
INFO:root:        dwt_72.mtx: Optimal    32, Current Best    32
INFO:root:########################################################################
INFO:root:########################################################################
INFO:root:########################################################################
INFO:root:########################################################################
INFO:root:      bcspwr10.mtx: iter     0, Optimal  2576, Current  2124
INFO:root:      bcspwr10.mtx: Optimal  2576, Current Best  2416
INFO:root:########################################################################
INFO:root:########################################################################
INFO:root:########################################################################
INFO:root:########################################################################
INFO:root:      lshp_406.mtx: iter     0, Optimal   203, Current   185
INFO:root:      lshp_406.mtx: Optimal   203, Current Best   203
INFO:root:########################################################################
INFO:root:########################################################################
INFO:root:########################################################################
INFO:root:########################################################################
INFO:root:      bcsstm01.mtx: iter     0, Optimal     0, Current     0
INFO:root:      bcsstm01.mtx: Optimal     0, Current Best     0
INFO:root:########################################################################
INFO:root:########################################################################
INFO:root:########################################################################
INFO:root:########################################################################
INFO:root:      bcsstm26.mtx: iter     0, Optimal     0, Current     0
INFO:root:      bcsstm26.mtx: Optimal     0, Current Best     0
INFO:root:########################################################################
INFO:root:########################################################################
INFO:root:########################################################################
INFO:root:########################################################################
INFO:root:       bayer04.mtx: iter     0, Optimal 10272, Current  9005
INFO:root:       bayer04.mtx: Optimal 10272, Current Best  9312
INFO:root:########################################################################
INFO:root:########################################################################
INFO:root:########################################################################
INFO:root:########################################################################
INFO:root:      dwt_2680.mtx: iter     0, Optimal  1340, Current  1247
INFO:root:      dwt_2680.mtx: Optimal  1340, Current Best  1340
INFO:root:########################################################################
INFO:root:########################################################################
INFO:root:########################################################################
INFO:root:########################################################################
INFO:root:       662_bus.mtx: iter     0, Optimal   306, Current   260
INFO:root:       662_bus.mtx: Optimal   306, Current Best   303
INFO:root:########################################################################
INFO:root:########################################################################
INFO:root:########################################################################
INFO:root:########################################################################
INFO:root:      bcspwr01.mtx: iter     0, Optimal    17, Current    15
INFO:root:      bcspwr01.mtx: Optimal    17, Current Best    17
INFO:root:########################################################################
INFO:root:########################################################################
INFO:root:########################################################################
INFO:root:########################################################################
INFO:root:           G17.mtx: iter     0, Optimal   400, Current   350
INFO:root:           G17.mtx: Optimal   400, Current Best   400
INFO:root:########################################################################
INFO:root:########################################################################
INFO:root:########################################################################
INFO:root:########################################################################
INFO:root:        can_62.mtx: iter     0, Optimal    29, Current    26
INFO:root:        can_62.mtx: Optimal    29, Current Best    29
INFO:root:########################################################################
INFO:root:########################################################################
INFO:root:########################################################################
INFO:root:########################################################################
INFO:root:      bcsstk05.mtx: iter     0, Optimal    76, Current    76
INFO:root:      bcsstk05.mtx: Optimal    76, Current Best    76
INFO:root:########################################################################
INFO:root:########################################################################
INFO:root:########################################################################
INFO:root:########################################################################
INFO:root:       sphere3.mtx: iter     0, Optimal   129, Current   121
INFO:root:       sphere3.mtx: Optimal   129, Current Best   129
INFO:root:########################################################################
INFO:root:########################################################################
INFO:root:########################################################################
INFO:root:########################################################################
INFO:root:          poli.mtx: iter     0, Optimal   792, Current   731
INFO:root:          poli.mtx: Optimal   792, Current Best   761
INFO:root:########################################################################
INFO:root:########################################################################
INFO:root:########################################################################
INFO:root:########################################################################
INFO:root:      bcsstm02.mtx: iter     0, Optimal     0, Current     0
INFO:root:      bcsstm02.mtx: Optimal     0, Current Best     0
INFO:root:########################################################################
INFO:root:########################################################################
INFO:root:########################################################################
INFO:root:########################################################################
INFO:root:           G15.mtx: iter     0, Optimal   400, Current   346
INFO:root:           G15.mtx: Optimal   400, Current Best   400
INFO:root:########################################################################
INFO:root:########################################################################
INFO:root:########################################################################
INFO:root:########################################################################
INFO:root:       dwt_198.mtx: iter     0, Optimal    99, Current    92
INFO:root:       dwt_198.mtx: Optimal    99, Current Best    99
INFO:root:########################################################################
INFO:root:########################################################################
INFO:root:########################################################################
INFO:root:########################################################################
INFO:root: mark3jac020sc.mtx: iter     0, Optimal  4554, Current  3877
INFO:root: mark3jac020sc.mtx: Optimal  4554, Current Best  4202
INFO:root:########################################################################
INFO:root:########################################################################
INFO:root:########################################################################
INFO:root:########################################################################
INFO:root:matrix nrow not match ncol! fill with zeros
INFO:root:       lp_e226.mtx: iter     0, Optimal   200, Current   172
INFO:root:       lp_e226.mtx: Optimal   200, Current Best   193
INFO:root:########################################################################
INFO:root:########################################################################
INFO:root:########################################################################
INFO:root:########################################################################
INFO:root:      msc01440.mtx: iter     0, Optimal   720, Current   706
INFO:root:      msc01440.mtx: Optimal   720, Current Best   720
INFO:root:########################################################################
INFO:root:########################################################################
INFO:root:########################################################################
INFO:root:########################################################################
INFO:root:         b2_ss.mtx: iter     0, Optimal   544, Current   482
INFO:root:         b2_ss.mtx: Optimal   544, Current Best   541
INFO:root:########################################################################
INFO:root:########################################################################
INFO:root:########################################################################
INFO:root:########################################################################
INFO:root:[0.0, 0.062111801242236024, 0.0, 0, 0, 0.09345794392523364, 0.0, 0.00980392156862745, 0.0, 0.0, 0.0, 0.0, 0.0, 0.039141414141414144, 0, 0.0, 0.0, 0.07729468599033816, 0.035, 0.0, 0.0055147058823529415]
INFO:root:Best Ave Opt Gap: 0.015349
INFO:root:Standard Deviation: 0.028033
