INFO:root:Find max matching for different graphs.
INFO:root:
INFO:root:        dwt_72.mtx: iter     0, Optimal    32, Current    29
INFO:root:        dwt_72.mtx: Optimal    32, Current Best    32
INFO:root:########################################################################
INFO:root:########################################################################
INFO:root:########################################################################
INFO:root:########################################################################
INFO:root:      bcspwr10.mtx: iter     0, Optimal  2576, Current  2124
INFO:root:      bcspwr10.mtx: iter  1000, Optimal  2576, Current  2416
INFO:root:      bcspwr10.mtx: iter  2000, Optimal  2576, Current  2478
INFO:root:      bcspwr10.mtx: iter  3000, Optimal  2576, Current  2495
INFO:root:      bcspwr10.mtx: iter  4000, Optimal  2576, Current  2500
INFO:root:      bcspwr10.mtx: iter  5000, Optimal  2576, Current  2508
INFO:root:      bcspwr10.mtx: iter  6000, Optimal  2576, Current  2511
INFO:root:      bcspwr10.mtx: iter  7000, Optimal  2576, Current  2515
INFO:root:      bcspwr10.mtx: iter  8000, Optimal  2576, Current  2519
INFO:root:      bcspwr10.mtx: iter  9000, Optimal  2576, Current  2521
INFO:root:      bcspwr10.mtx: Optimal  2576, Current Best  2525
INFO:root:########################################################################
INFO:root:########################################################################
INFO:root:########################################################################
INFO:root:########################################################################
INFO:root:      lshp_406.mtx: iter     0, Optimal   203, Current   187
INFO:root:      lshp_406.mtx: Optimal   203, Current Best   203
INFO:root:########################################################################
INFO:root:########################################################################
INFO:root:########################################################################
INFO:root:########################################################################
INFO:root:      bcsstm01.mtx: iter     0, Optimal     0, Current     0
INFO:root:      bcsstm01.mtx: Optimal     0, Current Best     0
INFO:root:########################################################################
INFO:root:########################################################################
INFO:root:########################################################################
INFO:root:########################################################################
INFO:root:      bcsstm26.mtx: iter     0, Optimal     0, Current     0
INFO:root:      bcsstm26.mtx: Optimal     0, Current Best     0
INFO:root:########################################################################
INFO:root:########################################################################
INFO:root:########################################################################
INFO:root:########################################################################
INFO:root:       bayer04.mtx: iter     0, Optimal 10272, Current  9059
INFO:root:       bayer04.mtx: iter  1000, Optimal 10272, Current  9323
INFO:root:       bayer04.mtx: iter  2000, Optimal 10272, Current  9524
INFO:root:       bayer04.mtx: iter  3000, Optimal 10272, Current  9663
INFO:root:       bayer04.mtx: iter  4000, Optimal 10272, Current  9764
INFO:root:       bayer04.mtx: iter  5000, Optimal 10272, Current  9851
INFO:root:       bayer04.mtx: iter  6000, Optimal 10272, Current  9910
INFO:root:       bayer04.mtx: iter  7000, Optimal 10272, Current  9961
INFO:root:       bayer04.mtx: iter  8000, Optimal 10272, Current 10006
INFO:root:       bayer04.mtx: iter  9000, Optimal 10272, Current 10035
INFO:root:       bayer04.mtx: Optimal 10272, Current Best 10059
INFO:root:########################################################################
INFO:root:########################################################################
INFO:root:########################################################################
INFO:root:########################################################################
INFO:root:      dwt_2680.mtx: iter     0, Optimal  1340, Current  1251
INFO:root:      dwt_2680.mtx: Optimal  1340, Current Best  1340
INFO:root:########################################################################
INFO:root:########################################################################
INFO:root:########################################################################
INFO:root:########################################################################
INFO:root:       662_bus.mtx: iter     0, Optimal   306, Current   266
INFO:root:       662_bus.mtx: iter  1000, Optimal   306, Current   302
INFO:root:       662_bus.mtx: iter  2000, Optimal   306, Current   304
INFO:root:       662_bus.mtx: iter  3000, Optimal   306, Current   304
INFO:root:       662_bus.mtx: iter  4000, Optimal   306, Current   305
INFO:root:       662_bus.mtx: Optimal   306, Current Best   306
INFO:root:########################################################################
INFO:root:########################################################################
INFO:root:########################################################################
INFO:root:########################################################################
INFO:root:      bcspwr01.mtx: iter     0, Optimal    17, Current    14
INFO:root:      bcspwr01.mtx: Optimal    17, Current Best    17
INFO:root:########################################################################
INFO:root:########################################################################
INFO:root:########################################################################
INFO:root:########################################################################
INFO:root:           G17.mtx: iter     0, Optimal   400, Current   357
INFO:root:           G17.mtx: Optimal   400, Current Best   400
INFO:root:########################################################################
INFO:root:########################################################################
INFO:root:########################################################################
INFO:root:########################################################################
INFO:root:        can_62.mtx: iter     0, Optimal    29, Current    27
INFO:root:        can_62.mtx: Optimal    29, Current Best    29
INFO:root:########################################################################
INFO:root:########################################################################
INFO:root:########################################################################
INFO:root:########################################################################
INFO:root:      bcsstk05.mtx: iter     0, Optimal    76, Current    75
INFO:root:      bcsstk05.mtx: Optimal    76, Current Best    76
INFO:root:########################################################################
INFO:root:########################################################################
INFO:root:########################################################################
INFO:root:########################################################################
INFO:root:       sphere3.mtx: iter     0, Optimal   129, Current   122
INFO:root:       sphere3.mtx: Optimal   129, Current Best   129
INFO:root:########################################################################
INFO:root:########################################################################
INFO:root:########################################################################
INFO:root:########################################################################
INFO:root:          poli.mtx: iter     0, Optimal   792, Current   735
INFO:root:          poli.mtx: iter  1000, Optimal   792, Current   766
INFO:root:          poli.mtx: iter  2000, Optimal   792, Current   782
INFO:root:          poli.mtx: iter  3000, Optimal   792, Current   785
INFO:root:          poli.mtx: iter  4000, Optimal   792, Current   786
INFO:root:          poli.mtx: iter  5000, Optimal   792, Current   790
INFO:root:          poli.mtx: iter  6000, Optimal   792, Current   791
INFO:root:          poli.mtx: iter  7000, Optimal   792, Current   791
INFO:root:          poli.mtx: iter  8000, Optimal   792, Current   791
INFO:root:          poli.mtx: iter  9000, Optimal   792, Current   791
INFO:root:          poli.mtx: Optimal   792, Current Best   792
INFO:root:########################################################################
INFO:root:########################################################################
INFO:root:########################################################################
INFO:root:########################################################################
INFO:root:      bcsstm02.mtx: iter     0, Optimal     0, Current     0
INFO:root:      bcsstm02.mtx: Optimal     0, Current Best     0
INFO:root:########################################################################
INFO:root:########################################################################
INFO:root:########################################################################
INFO:root:########################################################################
INFO:root:           G15.mtx: iter     0, Optimal   400, Current   352
INFO:root:           G15.mtx: Optimal   400, Current Best   400
INFO:root:########################################################################
INFO:root:########################################################################
INFO:root:########################################################################
INFO:root:########################################################################
INFO:root:       dwt_198.mtx: iter     0, Optimal    99, Current    92
INFO:root:       dwt_198.mtx: Optimal    99, Current Best    99
INFO:root:########################################################################
INFO:root:########################################################################
INFO:root:########################################################################
INFO:root:########################################################################
INFO:root: mark3jac020sc.mtx: iter     0, Optimal  4554, Current  3906
INFO:root: mark3jac020sc.mtx: iter  1000, Optimal  4554, Current  4228
INFO:root: mark3jac020sc.mtx: iter  2000, Optimal  4554, Current  4344
INFO:root: mark3jac020sc.mtx: iter  3000, Optimal  4554, Current  4412
INFO:root: mark3jac020sc.mtx: iter  4000, Optimal  4554, Current  4451
INFO:root: mark3jac020sc.mtx: iter  5000, Optimal  4554, Current  4466
INFO:root: mark3jac020sc.mtx: iter  6000, Optimal  4554, Current  4477
INFO:root: mark3jac020sc.mtx: iter  7000, Optimal  4554, Current  4488
INFO:root: mark3jac020sc.mtx: iter  8000, Optimal  4554, Current  4495
INFO:root: mark3jac020sc.mtx: iter  9000, Optimal  4554, Current  4505
INFO:root: mark3jac020sc.mtx: Optimal  4554, Current Best  4509
INFO:root:########################################################################
INFO:root:########################################################################
INFO:root:########################################################################
INFO:root:########################################################################
INFO:root:matrix nrow not match ncol! fill with zeros
INFO:root:       lp_e226.mtx: iter     0, Optimal   200, Current   171
INFO:root:       lp_e226.mtx: iter  1000, Optimal   200, Current   194
INFO:root:       lp_e226.mtx: iter  2000, Optimal   200, Current   196
INFO:root:       lp_e226.mtx: iter  3000, Optimal   200, Current   196
INFO:root:       lp_e226.mtx: iter  4000, Optimal   200, Current   196
INFO:root:       lp_e226.mtx: iter  5000, Optimal   200, Current   198
INFO:root:       lp_e226.mtx: iter  6000, Optimal   200, Current   199
INFO:root:       lp_e226.mtx: iter  7000, Optimal   200, Current   199
INFO:root:       lp_e226.mtx: Optimal   200, Current Best   200
INFO:root:########################################################################
INFO:root:########################################################################
INFO:root:########################################################################
INFO:root:########################################################################
INFO:root:      msc01440.mtx: iter     0, Optimal   720, Current   699
INFO:root:      msc01440.mtx: Optimal   720, Current Best   720
INFO:root:########################################################################
INFO:root:########################################################################
INFO:root:########################################################################
INFO:root:########################################################################
INFO:root:         b2_ss.mtx: iter     0, Optimal   544, Current   480
INFO:root:         b2_ss.mtx: iter  1000, Optimal   544, Current   538
INFO:root:         b2_ss.mtx: iter  2000, Optimal   544, Current   542
INFO:root:         b2_ss.mtx: iter  3000, Optimal   544, Current   542
INFO:root:         b2_ss.mtx: iter  4000, Optimal   544, Current   542
INFO:root:         b2_ss.mtx: iter  5000, Optimal   544, Current   542
INFO:root:         b2_ss.mtx: iter  6000, Optimal   544, Current   542
INFO:root:         b2_ss.mtx: Optimal   544, Current Best   544
INFO:root:########################################################################
INFO:root:########################################################################
INFO:root:########################################################################
INFO:root:########################################################################
INFO:root:[0.0, 0.019798136645962732, 0.0, 0, 0, 0.020735981308411214, 0.0, 0.0, 0.0, 0.0, 0.0, 0.0, 0.0, 0.0, 0, 0.0, 0.0, 0.009881422924901186, 0.0, 0.0, 0.0]
INFO:root:Best Ave Opt Gap: 0.002401
INFO:root:Standard Deviation: 0.006167
